<?xml version="1.0" encoding="UTF-8"?>
<!-- Generated by org.testng.reporters.JUnitReportReporter -->
<testsuite hostname="DESKTOP-6IG46TO" name="practice.launchbrowser" tests="1" failures="0" timestamp="2 Jul 2022 09:12:53 GMT" time="8.357" errors="0">
  <testcase name="launchapplication" time="8.357" classname="practice.launchbrowser"/>
</testsuite> <!-- practice.launchbrowser -->
